<?xml version="1.0" encoding="UTF-8"?>
<!-- Generated by org.testng.reporters.JUnitXMLReporter -->
<testsuite ignored="1" hostname="Aarushis-MacBook-Air.local" failures="0" tests="2" name="openCart" time="9.34" errors="0" timestamp="2025-04-25T14:19:27 IST">
  <testcase classname="testCases.AccountRegistrationPageTest" name="AccRegisteration" time="1.4"/>
  <testcase classname="testCases.loginPageTest" name="login" time="1.027"/>
  <testcase classname="testCases.loginDDT" name="verify_loginDDT" time="0.0">
    <ignored/>
  </testcase> <!-- verify_loginDDT -->
</testsuite> <!-- openCart -->
