<?xml version="1.0" encoding="UTF-8"?>
<!-- Generated by org.testng.reporters.JUnitXMLReporter -->
<testsuite ignored="0" hostname="Aarushis-MacBook-Air.local" failures="0" tests="2" name="Test" time="34.058" errors="0" timestamp="2025-04-23T17:24:21 IST">
  <testcase classname="testCases.AccountRegistrationPageTest" name="AccRegisteration" time="14.137"/>
  <testcase classname="testCases.loginDDT" name="verify_loginDDT" time="0.0">
    <skipped/>
  </testcase> <!-- verify_loginDDT -->
</testsuite> <!-- Test -->
