<?xml version="1.0" encoding="UTF-8"?>
<testng-results ignored="0" total="2" passed="2" failed="0" skipped="0">
  <reporter-output>
  </reporter-output>
  <suite started-at="2025-04-25T14:19:18 IST" name="grouping" finished-at="2025-04-25T14:19:27 IST" duration-ms="9340">
    <groups>
      <group name="Master">
        <method signature="AccountRegistrationPageTest.AccRegisteration()[pri:0, instance:testCases.AccountRegistrationPageTest@48e4374]" name="AccRegisteration" class="testCases.AccountRegistrationPageTest"/>
        <method signature="loginPageTest.login()[pri:0, instance:testCases.loginPageTest@470f1802]" name="login" class="testCases.loginPageTest"/>
      </group> <!-- Master -->
      <group name="Sanity">
        <method signature="AccountRegistrationPageTest.AccRegisteration()[pri:0, instance:testCases.AccountRegistrationPageTest@48e4374]" name="AccRegisteration" class="testCases.AccountRegistrationPageTest"/>
      </group> <!-- Sanity -->
      <group name="Regression">
        <method signature="loginPageTest.login()[pri:0, instance:testCases.loginPageTest@470f1802]" name="login" class="testCases.loginPageTest"/>
      </group> <!-- Regression -->
    </groups>
    <test started-at="2025-04-25T14:19:18 IST" name="openCart" finished-at="2025-04-25T14:19:27 IST" duration-ms="9340">
      <class name="testCases.AccountRegistrationPageTest">
        <test-method is-config="true" signature="Setup()[pri:0, instance:testCases.AccountRegistrationPageTest@48e4374]" started-at="2025-04-25T14:19:18 IST" name="Setup" finished-at="2025-04-25T14:19:22 IST" duration-ms="4027" status="PASS">
          <reporter-output>
          </reporter-output>
        </test-method> <!-- Setup -->
        <test-method signature="AccRegisteration()[pri:0, instance:testCases.AccountRegistrationPageTest@48e4374]" started-at="2025-04-25T14:19:22 IST" name="AccRegisteration" finished-at="2025-04-25T14:19:23 IST" duration-ms="1400" status="PASS">
          <reporter-output>
          </reporter-output>
        </test-method> <!-- AccRegisteration -->
        <test-method is-config="true" signature="TearDown()[pri:0, instance:testCases.AccountRegistrationPageTest@48e4374]" started-at="2025-04-25T14:19:23 IST" name="TearDown" finished-at="2025-04-25T14:19:23 IST" duration-ms="90" status="PASS">
          <reporter-output>
          </reporter-output>
        </test-method> <!-- TearDown -->
      </class> <!-- testCases.AccountRegistrationPageTest -->
      <class name="testCases.loginPageTest">
        <test-method is-config="true" signature="Setup()[pri:0, instance:testCases.loginPageTest@470f1802]" started-at="2025-04-25T14:19:23 IST" name="Setup" finished-at="2025-04-25T14:19:26 IST" duration-ms="2587" status="PASS">
          <reporter-output>
          </reporter-output>
        </test-method> <!-- Setup -->
        <test-method signature="login()[pri:0, instance:testCases.loginPageTest@470f1802]" started-at="2025-04-25T14:19:26 IST" name="login" finished-at="2025-04-25T14:19:27 IST" duration-ms="1027" status="PASS">
          <reporter-output>
          </reporter-output>
        </test-method> <!-- login -->
        <test-method is-config="true" signature="TearDown()[pri:0, instance:testCases.loginPageTest@470f1802]" started-at="2025-04-25T14:19:27 IST" name="TearDown" finished-at="2025-04-25T14:19:27 IST" duration-ms="85" status="PASS">
          <reporter-output>
          </reporter-output>
        </test-method> <!-- TearDown -->
      </class> <!-- testCases.loginPageTest -->
    </test> <!-- openCart -->
  </suite> <!-- grouping -->
</testng-results>
