<?xml version="1.0" encoding="UTF-8"?>
<testsuite xmlns:xsi="http://www.w3.org/2001/XMLSchema-instance" xsi:noNamespaceSchemaLocation="https://maven.apache.org/surefire/maven-surefire-plugin/xsd/surefire-test-report-3.0.xsd" version="3.0" name="TestSuite" time="9.922" tests="2" errors="0" skipped="0" failures="0">
  <properties>
[...]
</properties>
  <testcase name="AccRegisteration" classname="testCases.AccountRegistrationPageTest" time="1.408">
    <system-out><![CDATA[/Users/aarushigoel/eclipse-workspace/SeleniumWebdriver_aarushi/openCartV5//reports//Test-Report-2025.04.25.14.19.18.html$$$$$$$$$$$$$$$$$$$$$$$$$$$$
Initializing ChromeDriver...
]]></system-out>
    <system-err><![CDATA[[main] INFO io.github.bonigarcia.wdm.WebDriverManager - Using chromedriver 135.0.7049.114 (resolved driver for Chrome 135)
[main] INFO io.github.bonigarcia.wdm.WebDriverManager - Exporting webdriver.chrome.driver as /Users/aarushigoel/.cache/selenium/chromedriver/mac-arm64/135.0.7049.114/chromedriver
Starting ChromeDriver 135.0.7049.114 (63fd8a7d9d09e41ba37b84386c85d5f249f848f7-refs/branch-heads/7049@{#2175}) on port 52455
Only local connections are allowed.
Please see https://chromedriver.chromium.org/security-considerations for suggestions on keeping ChromeDriver safe.
ChromeDriver was started successfully on port 52455.
Apr 25, 2025 2:19:20 PM org.openqa.selenium.remote.ProtocolHandshake createSession
INFO: Detected dialect: W3C
Apr 25, 2025 2:19:20 PM org.openqa.selenium.devtools.CdpVersionFinder findNearestMatch
WARNING: Unable to find an exact match for CDP version 135, so returning the closest version found: a no-op implementation
Apr 25, 2025 2:19:20 PM org.openqa.selenium.devtools.CdpVersionFinder findNearestMatch
INFO: Unable to find CDP implementation matching 135.
Apr 25, 2025 2:19:20 PM org.openqa.selenium.chromium.ChromiumDriver lambda$new$3
WARNING: Unable to find version of CDP to use for . You may need to include a dependency on a specific version of the CDP using something similar to `org.seleniumhq.selenium:selenium-devtools-v86:4.1.0` where the version ("v86") matches the version of the chromium-based browser you're using and the version number of the artifact is the same as Selenium's.
]]></system-err>
  </testcase>
  <testcase name="login" classname="testCases.loginPageTest" time="1.026">
    <system-out><![CDATA[Initializing ChromeDriver...
]]></system-out>
    <system-err><![CDATA[Apr 25, 2025 2:19:23 PM org.openqa.selenium.net.HostIdentifier resolveHostName
WARNING: Failed to resolve host name
java.lang.InterruptedException
	at java.base/java.util.concurrent.locks.AbstractQueuedSynchronizer$ConditionObject.awaitNanos(AbstractQueuedSynchronizer.java:1744)
	at java.base/java.lang.ProcessImpl.waitFor(ProcessImpl.java:440)
	at org.openqa.selenium.net.HostIdentifier.resolveHostName(HostIdentifier.java:52)
	at org.openqa.selenium.net.HostIdentifier.getHostName(HostIdentifier.java:116)
	at org.openqa.selenium.WebDriverException.getSystemInformation(WebDriverException.java:95)
	at org.openqa.selenium.WebDriverException.createMessage(WebDriverException.java:87)
	at org.openqa.selenium.WebDriverException.getMessage(WebDriverException.java:65)
	at java.base/java.lang.Throwable.getLocalizedMessage(Throwable.java:398)
	at java.base/java.lang.Throwable.toString(Throwable.java:497)
	at java.base/java.lang.Throwable.<init>(Throwable.java:319)
	at java.base/java.lang.Exception.<init>(Exception.java:103)
	at java.base/java.lang.RuntimeException.<init>(RuntimeException.java:97)
	at java.base/java.util.concurrent.CompletionException.<init>(CompletionException.java:88)
	at java.base/java.util.concurrent.CompletableFuture.encodeThrowable(CompletableFuture.java:315)
	at java.base/java.util.concurrent.CompletableFuture.completeThrowable(CompletableFuture.java:320)
	at java.base/java.util.concurrent.CompletableFuture$AsyncSupply.run(CompletableFuture.java:1770)
	at java.base/java.util.concurrent.ThreadPoolExecutor.runWorker(ThreadPoolExecutor.java:1144)
	at java.base/java.util.concurrent.ThreadPoolExecutor$Worker.run(ThreadPoolExecutor.java:642)
	at java.base/java.lang.Thread.run(Thread.java:1583)

Exception in thread "Driver Command Executor" java.lang.RuntimeException: java.lang.InterruptedException
	at org.openqa.selenium.net.HostIdentifier.resolveHostName(HostIdentifier.java:67)
	at org.openqa.selenium.net.HostIdentifier.getHostName(HostIdentifier.java:116)
	at org.openqa.selenium.WebDriverException.getSystemInformation(WebDriverException.java:95)
	at org.openqa.selenium.WebDriverException.createMessage(WebDriverException.java:87)
	at org.openqa.selenium.WebDriverException.getMessage(WebDriverException.java:65)
	at java.base/java.lang.Throwable.getLocalizedMessage(Throwable.java:398)
	at java.base/java.lang.Throwable.toString(Throwable.java:497)
	at java.base/java.lang.Throwable.<init>(Throwable.java:319)
	at java.base/java.lang.Exception.<init>(Exception.java:103)
	at java.base/java.lang.RuntimeException.<init>(RuntimeException.java:97)
	at java.base/java.util.concurrent.CompletionException.<init>(CompletionException.java:88)
	at java.base/java.util.concurrent.CompletableFuture.encodeThrowable(CompletableFuture.java:315)
	at java.base/java.util.concurrent.CompletableFuture.completeThrowable(CompletableFuture.java:320)
	at java.base/java.util.concurrent.CompletableFuture$AsyncSupply.run(CompletableFuture.java:1770)
	at java.base/java.util.concurrent.ThreadPoolExecutor.runWorker(ThreadPoolExecutor.java:1144)
	at java.base/java.util.concurrent.ThreadPoolExecutor$Worker.run(ThreadPoolExecutor.java:642)
	at java.base/java.lang.Thread.run(Thread.java:1583)
Caused by: java.lang.InterruptedException
	at java.base/java.util.concurrent.locks.AbstractQueuedSynchronizer$ConditionObject.awaitNanos(AbstractQueuedSynchronizer.java:1744)
	at java.base/java.lang.ProcessImpl.waitFor(ProcessImpl.java:440)
	at org.openqa.selenium.net.HostIdentifier.resolveHostName(HostIdentifier.java:52)
	... 16 more
[main] INFO io.github.bonigarcia.wdm.WebDriverManager - Using chromedriver 135.0.7049.114 (resolved driver for Chrome 135)
[main] INFO io.github.bonigarcia.wdm.WebDriverManager - Exporting webdriver.chrome.driver as /Users/aarushigoel/.cache/selenium/chromedriver/mac-arm64/135.0.7049.114/chromedriver
Starting ChromeDriver 135.0.7049.114 (63fd8a7d9d09e41ba37b84386c85d5f249f848f7-refs/branch-heads/7049@{#2175}) on port 50226
Only local connections are allowed.
Please see https://chromedriver.chromium.org/security-considerations for suggestions on keeping ChromeDriver safe.
ChromeDriver was started successfully on port 50226.
Apr 25, 2025 2:19:24 PM org.openqa.selenium.remote.ProtocolHandshake createSession
INFO: Detected dialect: W3C
Apr 25, 2025 2:19:24 PM org.openqa.selenium.devtools.CdpVersionFinder findNearestMatch
WARNING: Unable to find an exact match for CDP version 135, so returning the closest version found: a no-op implementation
Apr 25, 2025 2:19:24 PM org.openqa.selenium.devtools.CdpVersionFinder findNearestMatch
INFO: Unable to find CDP implementation matching 135.
Apr 25, 2025 2:19:24 PM org.openqa.selenium.chromium.ChromiumDriver lambda$new$3
WARNING: Unable to find version of CDP to use for . You may need to include a dependency on a specific version of the CDP using something similar to `org.seleniumhq.selenium:selenium-devtools-v86:4.1.0` where the version ("v86") matches the version of the chromium-based browser you're using and the version number of the artifact is the same as Selenium's.
]]></system-err>
  </testcase>
</testsuite>