<?xml version="1.0" encoding="UTF-8"?>
<!-- Generated by org.testng.reporters.JUnitXMLReporter -->
<testsuite ignored="1" hostname="Aarushis-MacBook-Air.local" failures="1" tests="2" name="openCart" time="36.164" errors="0" timestamp="2025-04-24T14:05:44 IST">
  <testcase classname="testCases.AccountRegistrationPageTest" name="AccRegisteration" time="8.273">
    <failure type="java.lang.AssertionError" message="expected [Your Account Has Been Created!!!!] but found [Your Account Has Been Created!]">
      <![CDATA[java.lang.AssertionError: expected [Your Account Has Been Created!!!!] but found [Your Account Has Been Created!]
at testCases.AccountRegistrationPageTest.AccRegisteration(AccountRegistrationPageTest.java:38)
at java.base/java.util.ArrayList.forEach(ArrayList.java:1597)
... Removed 31 stack frames]]>
    </failure>
  </testcase> <!-- AccRegisteration -->
  <testcase classname="testCases.loginPageTest" name="login" time="4.718"/>
  <testcase classname="testCases.loginDDT" name="verify_loginDDT" time="0.0">
    <ignored/>
  </testcase> <!-- verify_loginDDT -->
</testsuite> <!-- openCart -->
