<?xml version="1.0" encoding="UTF-8"?>
<!-- Generated by org.testng.reporters.JUnitXMLReporter -->
<testsuite ignored="1" hostname="Aarushis-MacBook-Air.local" failures="0" tests="2" name="Test" time="33.764" errors="0" timestamp="2025-04-24T00:13:24 IST">
  <testcase classname="testCases.AccountRegistrationPageTest" name="AccRegisteration" time="6.321"/>
  <testcase classname="testCases.loginPageTest" name="login" time="4.557"/>
  <testcase classname="testCases.loginDDT" name="verify_loginDDT" time="0.0">
    <ignored/>
  </testcase> <!-- verify_loginDDT -->
</testsuite> <!-- Test -->
